<?xml version="1.0" encoding="UTF-8"?>
<!-- Generated by org.testng.reporters.JUnitXMLReporter -->
<testsuite ignored="4" hostname="DESKTOP-F4HKPKP" failures="1" tests="3" name="Test(failed)" time="117.558" errors="0" timestamp="13 Jan 2021 11:39:07 GMT">
  <testcase classname="alltestcases.CreateAccountTestCases" name="validateCreateAccountPageText" time="18.877"/>
  <testcase classname="alltestcases.AfterSignInPageTestCases" name="MyOrderHistory" time="37.413"/>
  <testcase classname="alltestcases.CartPageTestCases" name="CartPageValidate" time="5.964">
    <failure type="java.lang.AssertionError" message="expected [And] but found [Your shopping cart]">
      <![CDATA[java.lang.AssertionError: expected [And] but found [Your shopping cart]
at alltestcases.CartPageTestCases.CartPageValidate(CartPageTestCases.java:24)
... Removed 31 stack frames]]>
    </failure>
  </testcase> <!-- CartPageValidate -->
  <testcase classname="base.TestBase" name="@AfterTest testafter" time="0.0">
    <ignored/>
  </testcase> <!-- @AfterTest testafter -->
  <testcase classname="base.TestBase" name="@AfterTest testafter" time="0.0">
    <ignored/>
  </testcase> <!-- @AfterTest testafter -->
  <testcase classname="base.TestBase" name="@BeforeTest testbefore" time="0.0">
    <ignored/>
  </testcase> <!-- @BeforeTest testbefore -->
  <testcase classname="base.TestBase" name="@BeforeTest testbefore" time="0.0">
    <ignored/>
  </testcase> <!-- @BeforeTest testbefore -->
</testsuite> <!-- Test(failed) -->
